2014/05/19 12:44:02 [error] [exception.EMongoException] exception 'EMongoException' with message 'EMongoDB failed to open connection: Failed to connect to: 127.0.0.1:27017: Connection refused' in /media/sf_htdocs/webRoot/blend/rnba/protected/extensions/YiiMongoDbSuite/EMongoDB.php:152
Stack trace:
#0 /media/sf_htdocs/webRoot/blend/rnba/protected/extensions/YiiMongoDbSuite/EMongoDB.php(181): EMongoDB->getConnection()
#1 /media/sf_htdocs/webRoot/blend/rnba/protected/extensions/YiiMongoDbSuite/EMongoDocument.php(166): EMongoDB->getDbInstance()
#2 /media/sf_htdocs/webRoot/blend/rnba/protected/extensions/YiiMongoDbSuite/EMongoDocument.php(191): EMongoDocument->getDb()
#3 /media/sf_htdocs/webRoot/blend/rnba/protected/extensions/YiiMongoDbSuite/EMongoDocument.php(387): EMongoDocument->getCollection()
#4 /media/sf_htdocs/webRoot/blend/rnba/protected/extensions/YiiMongoDbSuite/EMongoDocument.php(97): EMongoDocument->init()
#5 /media/sf_htdocs/webRoot/blend/rnba/protected/controllers/SiteController.php(16): EMongoDocument->__construct()
#6 /media/sf_htdocs/yii/framework/web/actions/CInlineAction.php(49): SiteController->actionAdd()
#7 /media/sf_htdocs/yii/framework/web/CController.php(308): CInlineAction->runWithParams(Array)
#8 /media/sf_htdocs/yii/framework/web/CController.php(286): CController->runAction(Object(CInlineAction))
#9 /media/sf_htdocs/yii/framework/web/CController.php(265): CController->runActionWithFilters(Object(CInlineAction), Array)
#10 /media/sf_htdocs/yii/framework/web/CWebApplication.php(282): CController->run('add')
#11 /media/sf_htdocs/yii/framework/web/CWebApplication.php(141): CWebApplication->runController('site/add')
#12 /media/sf_htdocs/yii/framework/base/CApplication.php(180): CWebApplication->processRequest()
#13 /media/sf_htdocs/webRoot/blend/rnba/index.php(13): CApplication->run()
#14 {main}
REQUEST_URI=/index.php?r=site/add
---
2014/05/19 12:55:13 [error] [exception.CException] exception 'CException' with message 'Property "NbaPost.password" is not defined.' in /media/sf_htdocs/yii/framework/base/CComponent.php:130
Stack trace:
#0 /media/sf_htdocs/webRoot/blend/rnba/protected/extensions/YiiMongoDbSuite/EMongoEmbeddedDocument.php(170): CComponent->__get('password')
#1 /media/sf_htdocs/yii/framework/web/helpers/CHtml.php(2529): EMongoEmbeddedDocument->__get('password')
#2 /media/sf_htdocs/yii/framework/web/helpers/CHtml.php(2252): CHtml::resolveValue(Object(NbaPost), 'password')
#3 /media/sf_htdocs/yii/framework/web/helpers/CHtml.php(1434): CHtml::activeInputField('text', Object(NbaPost), 'password', Array)
#4 /media/sf_htdocs/yii/framework/web/widgets/CActiveForm.php(725): CHtml::activeTextField(Object(NbaPost), 'password', Array)
#5 /media/sf_htdocs/webRoot/blend/rnba/protected/views/site/add.php(45): CActiveForm->textField(Object(NbaPost), 'password', Array)
#6 /media/sf_htdocs/yii/framework/web/CBaseController.php(126): require('/media/sf_htdoc...')
#7 /media/sf_htdocs/yii/framework/web/CBaseController.php(95): CBaseController->renderInternal('/media/sf_htdoc...', Array, true)
#8 /media/sf_htdocs/yii/framework/web/CController.php(869): CBaseController->renderFile('/media/sf_htdoc...', Array, true)
#9 /media/sf_htdocs/yii/framework/web/CController.php(782): CController->renderPartial('add', Array, true)
#10 /media/sf_htdocs/webRoot/blend/rnba/protected/controllers/SiteController.php(29): CController->render('add', Array)
#11 /media/sf_htdocs/yii/framework/web/actions/CInlineAction.php(49): SiteController->actionAdd()
#12 /media/sf_htdocs/yii/framework/web/CController.php(308): CInlineAction->runWithParams(Array)
#13 /media/sf_htdocs/yii/framework/web/CController.php(286): CController->runAction(Object(CInlineAction))
#14 /media/sf_htdocs/yii/framework/web/CController.php(265): CController->runActionWithFilters(Object(CInlineAction), Array)
#15 /media/sf_htdocs/yii/framework/web/CWebApplication.php(282): CController->run('add')
#16 /media/sf_htdocs/yii/framework/web/CWebApplication.php(141): CWebApplication->runController('site/add')
#17 /media/sf_htdocs/yii/framework/base/CApplication.php(180): CWebApplication->processRequest()
#18 /media/sf_htdocs/webRoot/blend/rnba/index.php(13): CApplication->run()
#19 {main}
REQUEST_URI=/index.php?r=site/add
---
2014/05/19 13:21:04 [error] [exception.EMongoException] exception 'EMongoException' with message 'EMongoDB failed to open connection: Failed to connect to: 127.0.0.1:27017: Connection refused' in /media/sf_htdocs/webRoot/blend/rnba/protected/extensions/YiiMongoDbSuite/EMongoDB.php:152
Stack trace:
#0 /media/sf_htdocs/webRoot/blend/rnba/protected/extensions/YiiMongoDbSuite/EMongoDB.php(181): EMongoDB->getConnection()
#1 /media/sf_htdocs/webRoot/blend/rnba/protected/extensions/YiiMongoDbSuite/EMongoDocument.php(166): EMongoDB->getDbInstance()
#2 /media/sf_htdocs/webRoot/blend/rnba/protected/extensions/YiiMongoDbSuite/EMongoDocument.php(191): EMongoDocument->getDb()
#3 /media/sf_htdocs/webRoot/blend/rnba/protected/extensions/YiiMongoDbSuite/EMongoDocument.php(387): EMongoDocument->getCollection()
#4 /media/sf_htdocs/webRoot/blend/rnba/protected/extensions/YiiMongoDbSuite/EMongoDocument.php(97): EMongoDocument->init()
#5 /media/sf_htdocs/webRoot/blend/rnba/protected/controllers/SiteController.php(16): EMongoDocument->__construct()
#6 /media/sf_htdocs/yii/framework/web/actions/CInlineAction.php(49): SiteController->actionAdd()
#7 /media/sf_htdocs/yii/framework/web/CController.php(308): CInlineAction->runWithParams(Array)
#8 /media/sf_htdocs/yii/framework/web/CController.php(286): CController->runAction(Object(CInlineAction))
#9 /media/sf_htdocs/yii/framework/web/CController.php(265): CController->runActionWithFilters(Object(CInlineAction), Array)
#10 /media/sf_htdocs/yii/framework/web/CWebApplication.php(282): CController->run('add')
#11 /media/sf_htdocs/yii/framework/web/CWebApplication.php(141): CWebApplication->runController('site/add')
#12 /media/sf_htdocs/yii/framework/base/CApplication.php(180): CWebApplication->processRequest()
#13 /media/sf_htdocs/webRoot/blend/rnba/index.php(13): CApplication->run()
#14 {main}
REQUEST_URI=/index.php?r=site/add
---
2014/05/19 18:36:38 [error] [exception.CException] exception 'CException' with message 'Property "CWebApplication.end" is not defined.' in /media/sf_htdocs/yii/framework/base/CComponent.php:130
Stack trace:
#0 /media/sf_htdocs/yii/framework/base/CModule.php(105): CComponent->__get('end')
#1 /media/sf_htdocs/webRoot/blend/rnba/protected/controllers/SiteController.php(38): CModule->__get('end')
#2 /media/sf_htdocs/yii/framework/web/actions/CInlineAction.php(49): SiteController->actionGetCurrent()
#3 /media/sf_htdocs/yii/framework/web/CController.php(308): CInlineAction->runWithParams(Array)
#4 /media/sf_htdocs/yii/framework/web/CController.php(286): CController->runAction(Object(CInlineAction))
#5 /media/sf_htdocs/yii/framework/web/CController.php(265): CController->runActionWithFilters(Object(CInlineAction), Array)
#6 /media/sf_htdocs/yii/framework/web/CWebApplication.php(282): CController->run('getcurrent')
#7 /media/sf_htdocs/yii/framework/web/CWebApplication.php(141): CWebApplication->runController('site/getcurrent')
#8 /media/sf_htdocs/yii/framework/base/CApplication.php(180): CWebApplication->processRequest()
#9 /media/sf_htdocs/webRoot/blend/rnba/index.php(13): CApplication->run()
#10 {main}
REQUEST_URI=/index.php?r=site/getcurrent
---
2014/05/19 23:46:59 [error] [exception.EMongoException] exception 'EMongoException' with message 'EMongoDB failed to open connection: Failed to connect to: 127.0.0.1:27017: Connection refused' in /media/sf_htdocs/webRoot/blend/rnba/protected/extensions/YiiMongoDbSuite/EMongoDB.php:152
Stack trace:
#0 /media/sf_htdocs/webRoot/blend/rnba/protected/extensions/YiiMongoDbSuite/EMongoDB.php(181): EMongoDB->getConnection()
#1 /media/sf_htdocs/webRoot/blend/rnba/protected/extensions/YiiMongoDbSuite/EMongoDocument.php(166): EMongoDB->getDbInstance()
#2 /media/sf_htdocs/webRoot/blend/rnba/protected/extensions/YiiMongoDbSuite/EMongoDocument.php(191): EMongoDocument->getDb()
#3 /media/sf_htdocs/webRoot/blend/rnba/protected/extensions/YiiMongoDbSuite/EMongoDocument.php(387): EMongoDocument->getCollection()
#4 /media/sf_htdocs/webRoot/blend/rnba/protected/extensions/YiiMongoDbSuite/EMongoDocument.php(97): EMongoDocument->init()
#5 /media/sf_htdocs/webRoot/blend/rnba/protected/controllers/SiteController.php(16): EMongoDocument->__construct()
#6 /media/sf_htdocs/yii/framework/web/actions/CInlineAction.php(49): SiteController->actionAdd()
#7 /media/sf_htdocs/yii/framework/web/CController.php(308): CInlineAction->runWithParams(Array)
#8 /media/sf_htdocs/yii/framework/web/CController.php(286): CController->runAction(Object(CInlineAction))
#9 /media/sf_htdocs/yii/framework/web/CController.php(265): CController->runActionWithFilters(Object(CInlineAction), Array)
#10 /media/sf_htdocs/yii/framework/web/CWebApplication.php(282): CController->run('add')
#11 /media/sf_htdocs/yii/framework/web/CWebApplication.php(141): CWebApplication->runController('site/add')
#12 /media/sf_htdocs/yii/framework/base/CApplication.php(180): CWebApplication->processRequest()
#13 /media/sf_htdocs/webRoot/blend/rnba/index.php(13): CApplication->run()
#14 {main}
REQUEST_URI=/index.php?r=site/add
---
2014/05/21 16:20:38 [error] [exception.EMongoException] exception 'EMongoException' with message 'EMongoDB failed to open connection: Failed to connect to: 127.0.0.1:27017: Connection refused' in /media/sf_htdocs/webRoot/blend/rnba/protected/extensions/YiiMongoDbSuite/EMongoDB.php:152
Stack trace:
#0 /media/sf_htdocs/webRoot/blend/rnba/protected/extensions/YiiMongoDbSuite/EMongoDB.php(181): EMongoDB->getConnection()
#1 /media/sf_htdocs/webRoot/blend/rnba/protected/extensions/YiiMongoDbSuite/EMongoDocument.php(166): EMongoDB->getDbInstance()
#2 /media/sf_htdocs/webRoot/blend/rnba/protected/extensions/YiiMongoDbSuite/EMongoDocument.php(191): EMongoDocument->getDb()
#3 /media/sf_htdocs/webRoot/blend/rnba/protected/extensions/YiiMongoDbSuite/EMongoDocument.php(387): EMongoDocument->getCollection()
#4 /media/sf_htdocs/webRoot/blend/rnba/protected/extensions/YiiMongoDbSuite/EMongoDocument.php(97): EMongoDocument->init()
#5 /media/sf_htdocs/webRoot/blend/rnba/protected/controllers/SiteController.php(16): EMongoDocument->__construct()
#6 /media/sf_htdocs/yii/framework/web/actions/CInlineAction.php(49): SiteController->actionAdd()
#7 /media/sf_htdocs/yii/framework/web/CController.php(308): CInlineAction->runWithParams(Array)
#8 /media/sf_htdocs/yii/framework/web/CController.php(286): CController->runAction(Object(CInlineAction))
#9 /media/sf_htdocs/yii/framework/web/CController.php(265): CController->runActionWithFilters(Object(CInlineAction), Array)
#10 /media/sf_htdocs/yii/framework/web/CWebApplication.php(282): CController->run('add')
#11 /media/sf_htdocs/yii/framework/web/CWebApplication.php(141): CWebApplication->runController('site/add')
#12 /media/sf_htdocs/yii/framework/base/CApplication.php(180): CWebApplication->processRequest()
#13 /media/sf_htdocs/webRoot/blend/rnba/index.php(13): CApplication->run()
#14 {main}
REQUEST_URI=/index.php?r=site/add
---
2014/10/03 23:05:20 [error] [php] EMongoDB::getConnection(): The Mongo class is deprecated, please use the MongoClient class (/Library/WebServer/Documents/blend/rnba/protected/extensions/YiiMongoDbSuite/EMongoDB.php:144)
Stack trace:
#0 /Library/WebServer/Documents/blend/rnba/protected/extensions/YiiMongoDbSuite/EMongoDocument.php(191): NbaPost->getDb()
#1 /Library/WebServer/Documents/blend/rnba/protected/extensions/YiiMongoDbSuite/EMongoDocument.php(387): NbaPost->getCollection()
#2 /Library/WebServer/Documents/blend/rnba/protected/extensions/YiiMongoDbSuite/EMongoDocument.php(97): NbaPost->init()
#3 /Library/WebServer/Documents/blend/rnba/protected/controllers/SiteController.php(16): NbaPost->__construct()
#4 /Library/WebServer/Documents/blend/yii/framework/web/actions/CInlineAction.php(49): SiteController->actionAdd()
#5 /Library/WebServer/Documents/blend/yii/framework/web/CController.php(308): CInlineAction->runWithParams()
#6 /Library/WebServer/Documents/blend/yii/framework/web/CController.php(286): SiteController->runAction()
#7 /Library/WebServer/Documents/blend/yii/framework/web/CController.php(265): SiteController->runActionWithFilters()
#8 /Library/WebServer/Documents/blend/yii/framework/web/CWebApplication.php(282): SiteController->run()
#9 /Library/WebServer/Documents/blend/yii/framework/web/CWebApplication.php(141): CWebApplication->runController()
#10 /Library/WebServer/Documents/blend/yii/framework/base/CApplication.php(180): CWebApplication->processRequest()
#11 /Library/WebServer/Documents/blend/rnba/index.php(13): CWebApplication->run()
REQUEST_URI=/index.php?r=site/add
in /Library/WebServer/Documents/blend/rnba/protected/extensions/YiiMongoDbSuite/EMongoDB.php (144)
in /Library/WebServer/Documents/blend/rnba/protected/extensions/YiiMongoDbSuite/EMongoDB.php (181)
in /Library/WebServer/Documents/blend/rnba/protected/extensions/YiiMongoDbSuite/EMongoDocument.php (166)
2014/10/03 23:11:30 [error] [php] EMongoDB::getConnection(): The Mongo class is deprecated, please use the MongoClient class (/Library/WebServer/Documents/blend/rnba/protected/extensions/YiiMongoDbSuite/EMongoDB.php:144)
Stack trace:
#0 /Library/WebServer/Documents/blend/rnba/protected/extensions/YiiMongoDbSuite/EMongoDocument.php(191): NbaPost->getDb()
#1 /Library/WebServer/Documents/blend/rnba/protected/extensions/YiiMongoDbSuite/EMongoDocument.php(387): NbaPost->getCollection()
#2 /Library/WebServer/Documents/blend/rnba/protected/extensions/YiiMongoDbSuite/EMongoDocument.php(97): NbaPost->init()
#3 /Library/WebServer/Documents/blend/rnba/protected/controllers/SiteController.php(16): NbaPost->__construct()
#4 /Library/WebServer/Documents/blend/yii/framework/web/actions/CInlineAction.php(49): SiteController->actionAdd()
#5 /Library/WebServer/Documents/blend/yii/framework/web/CController.php(308): CInlineAction->runWithParams()
#6 /Library/WebServer/Documents/blend/yii/framework/web/CController.php(286): SiteController->runAction()
#7 /Library/WebServer/Documents/blend/yii/framework/web/CController.php(265): SiteController->runActionWithFilters()
#8 /Library/WebServer/Documents/blend/yii/framework/web/CWebApplication.php(282): SiteController->run()
#9 /Library/WebServer/Documents/blend/yii/framework/web/CWebApplication.php(141): CWebApplication->runController()
#10 /Library/WebServer/Documents/blend/yii/framework/base/CApplication.php(180): CWebApplication->processRequest()
#11 /Library/WebServer/Documents/blend/rnba/index.php(13): CWebApplication->run()
REQUEST_URI=/index.php?r=site/add
in /Library/WebServer/Documents/blend/rnba/protected/extensions/YiiMongoDbSuite/EMongoDB.php (144)
in /Library/WebServer/Documents/blend/rnba/protected/extensions/YiiMongoDbSuite/EMongoDB.php (181)
in /Library/WebServer/Documents/blend/rnba/protected/extensions/YiiMongoDbSuite/EMongoDocument.php (166)
2014/10/03 23:11:32 [error] [php] EMongoDB::getConnection(): The Mongo class is deprecated, please use the MongoClient class (/Library/WebServer/Documents/blend/rnba/protected/extensions/YiiMongoDbSuite/EMongoDB.php:144)
Stack trace:
#0 /Library/WebServer/Documents/blend/rnba/protected/extensions/YiiMongoDbSuite/EMongoDocument.php(191): NbaPost->getDb()
#1 /Library/WebServer/Documents/blend/rnba/protected/extensions/YiiMongoDbSuite/EMongoDocument.php(387): NbaPost->getCollection()
#2 /Library/WebServer/Documents/blend/rnba/protected/extensions/YiiMongoDbSuite/EMongoDocument.php(97): NbaPost->init()
#3 /Library/WebServer/Documents/blend/rnba/protected/controllers/SiteController.php(16): NbaPost->__construct()
#4 /Library/WebServer/Documents/blend/yii/framework/web/actions/CInlineAction.php(49): SiteController->actionAdd()
#5 /Library/WebServer/Documents/blend/yii/framework/web/CController.php(308): CInlineAction->runWithParams()
#6 /Library/WebServer/Documents/blend/yii/framework/web/CController.php(286): SiteController->runAction()
#7 /Library/WebServer/Documents/blend/yii/framework/web/CController.php(265): SiteController->runActionWithFilters()
#8 /Library/WebServer/Documents/blend/yii/framework/web/CWebApplication.php(282): SiteController->run()
#9 /Library/WebServer/Documents/blend/yii/framework/web/CWebApplication.php(141): CWebApplication->runController()
#10 /Library/WebServer/Documents/blend/yii/framework/base/CApplication.php(180): CWebApplication->processRequest()
#11 /Library/WebServer/Documents/blend/rnba/index.php(13): CWebApplication->run()
REQUEST_URI=/index.php?r=site/add
in /Library/WebServer/Documents/blend/rnba/protected/extensions/YiiMongoDbSuite/EMongoDB.php (144)
in /Library/WebServer/Documents/blend/rnba/protected/extensions/YiiMongoDbSuite/EMongoDB.php (181)
in /Library/WebServer/Documents/blend/rnba/protected/extensions/YiiMongoDbSuite/EMongoDocument.php (166)
2014/10/03 23:59:41 [error] [exception.CException] exception 'CException' with message 'SiteController and its behaviors do not have a method or closure named "_ajaxValidation".' in /Library/WebServer/Documents/blend/yii/framework/base/CComponent.php:266
Stack trace:
#0 /Library/WebServer/Documents/blend/rnba/protected/controllers/SiteController.php(18): CComponent->__call('_ajaxValidation', Array)
#1 /Library/WebServer/Documents/blend/rnba/protected/controllers/SiteController.php(18): SiteController->_ajaxValidation(Object(NbaPost), 'post-form')
#2 /Library/WebServer/Documents/blend/yii/framework/web/actions/CInlineAction.php(49): SiteController->actionAdd()
#3 /Library/WebServer/Documents/blend/yii/framework/web/CController.php(308): CInlineAction->runWithParams(Array)
#4 /Library/WebServer/Documents/blend/yii/framework/web/CController.php(286): CController->runAction(Object(CInlineAction))
#5 /Library/WebServer/Documents/blend/yii/framework/web/CController.php(265): CController->runActionWithFilters(Object(CInlineAction), Array)
#6 /Library/WebServer/Documents/blend/yii/framework/web/CWebApplication.php(282): CController->run('add')
#7 /Library/WebServer/Documents/blend/yii/framework/web/CWebApplication.php(141): CWebApplication->runController('site/add')
#8 /Library/WebServer/Documents/blend/yii/framework/base/CApplication.php(180): CWebApplication->processRequest()
#9 /Library/WebServer/Documents/blend/rnba/index.php(13): CApplication->run()
#10 {main}
REQUEST_URI=/index.php?r=site/add
---
2014/10/04 00:01:33 [error] [php] include(MainController.php): failed to open stream: No such file or directory (/Library/WebServer/Documents/blend/yii/framework/YiiBase.php:427)
Stack trace:
#0 /Library/WebServer/Documents/blend/rnba/protected/controllers/SiteController.php(4): spl_autoload_call()
#1 /Library/WebServer/Documents/blend/yii/framework/web/CWebApplication.php(354): require()
#2 /Library/WebServer/Documents/blend/yii/framework/web/CWebApplication.php(276): CWebApplication->createController()
#3 /Library/WebServer/Documents/blend/yii/framework/web/CWebApplication.php(141): CWebApplication->runController()
#4 /Library/WebServer/Documents/blend/yii/framework/base/CApplication.php(180): CWebApplication->processRequest()
#5 /Library/WebServer/Documents/blend/rnba/index.php(13): CWebApplication->run()
REQUEST_URI=/index.php?r=site/add
in /Library/WebServer/Documents/blend/rnba/protected/controllers/SiteController.php (4)
in /Library/WebServer/Documents/blend/rnba/index.php (13)
2014/10/04 00:03:49 [error] [php] include(MainController.php): failed to open stream: No such file or directory (/Library/WebServer/Documents/blend/yii/framework/YiiBase.php:427)
Stack trace:
#0 /Library/WebServer/Documents/blend/rnba/protected/controllers/SiteController.php(4): spl_autoload_call()
#1 /Library/WebServer/Documents/blend/yii/framework/web/CWebApplication.php(354): require()
#2 /Library/WebServer/Documents/blend/yii/framework/web/CWebApplication.php(276): CWebApplication->createController()
#3 /Library/WebServer/Documents/blend/yii/framework/web/CWebApplication.php(141): CWebApplication->runController()
#4 /Library/WebServer/Documents/blend/yii/framework/base/CApplication.php(180): CWebApplication->processRequest()
#5 /Library/WebServer/Documents/blend/rnba/index.php(13): CWebApplication->run()
REQUEST_URI=/index.php?r=site/add
in /Library/WebServer/Documents/blend/rnba/protected/controllers/SiteController.php (4)
in /Library/WebServer/Documents/blend/rnba/index.php (13)
2014/10/04 00:03:51 [error] [php] include(MainController.php): failed to open stream: No such file or directory (/Library/WebServer/Documents/blend/yii/framework/YiiBase.php:427)
Stack trace:
#0 /Library/WebServer/Documents/blend/rnba/protected/controllers/SiteController.php(4): spl_autoload_call()
#1 /Library/WebServer/Documents/blend/yii/framework/web/CWebApplication.php(354): require()
#2 /Library/WebServer/Documents/blend/yii/framework/web/CWebApplication.php(276): CWebApplication->createController()
#3 /Library/WebServer/Documents/blend/yii/framework/web/CWebApplication.php(141): CWebApplication->runController()
#4 /Library/WebServer/Documents/blend/yii/framework/base/CApplication.php(180): CWebApplication->processRequest()
#5 /Library/WebServer/Documents/blend/rnba/index.php(13): CWebApplication->run()
REQUEST_URI=/index.php?r=site/add
in /Library/WebServer/Documents/blend/rnba/protected/controllers/SiteController.php (4)
in /Library/WebServer/Documents/blend/rnba/index.php (13)
2014/10/29 01:10:19 [error] [exception.EMongoException] exception 'EMongoException' with message 'EMongoDB failed to open connection: Failed to connect to: 127.0.0.1:27017: Connection refused' in /Library/Webserver/Documents/blend/rnba/protected/extensions/YiiMongoDbSuite/EMongoDB.php:152
Stack trace:
#0 /Library/Webserver/Documents/blend/rnba/protected/extensions/YiiMongoDbSuite/EMongoDB.php(181): EMongoDB->getConnection()
#1 /Library/Webserver/Documents/blend/rnba/protected/extensions/YiiMongoDbSuite/EMongoDocument.php(166): EMongoDB->getDbInstance()
#2 /Library/Webserver/Documents/blend/rnba/protected/extensions/YiiMongoDbSuite/EMongoDocument.php(191): EMongoDocument->getDb()
#3 /Library/Webserver/Documents/blend/rnba/protected/extensions/YiiMongoDbSuite/EMongoDocument.php(387): EMongoDocument->getCollection()
#4 /Library/Webserver/Documents/blend/rnba/protected/extensions/YiiMongoDbSuite/EMongoDocument.php(97): EMongoDocument->init()
#5 /Library/Webserver/Documents/blend/rnba/protected/controllers/SiteController.php(8): EMongoDocument->__construct()
#6 /Library/Webserver/Documents/blend/yii/framework/web/actions/CInlineAction.php(49): SiteController->actionIndex()
#7 /Library/Webserver/Documents/blend/yii/framework/web/CController.php(308): CInlineAction->runWithParams(Array)
#8 /Library/Webserver/Documents/blend/yii/framework/web/CController.php(286): CController->runAction(Object(CInlineAction))
#9 /Library/Webserver/Documents/blend/yii/framework/web/CController.php(265): CController->runActionWithFilters(Object(CInlineAction), Array)
#10 /Library/Webserver/Documents/blend/yii/framework/web/CWebApplication.php(282): CController->run('')
#11 /Library/Webserver/Documents/blend/yii/framework/web/CWebApplication.php(141): CWebApplication->runController('')
#12 /Library/Webserver/Documents/blend/yii/framework/base/CApplication.php(180): CWebApplication->processRequest()
#13 /Library/Webserver/Documents/blend/rnba/index.php(13): CApplication->run()
#14 {main}
REQUEST_URI=/
---
2014/11/08 21:51:53 [warning] [application] Failed to set unsafe attribute "password" of "NbaPost".
in /Library/Webserver/Documents/blend/rnba/protected/extensions/YiiMongoDbSuite/EMongoDocument.php (371)
in /Library/Webserver/Documents/blend/rnba/protected/extensions/YiiMongoDbSuite/EMongoEmbeddedDocument.php (194)
in /Library/Webserver/Documents/blend/rnba/protected/controllers/SiteController.php (52)
2014/11/08 21:51:55 [warning] [application] Failed to set unsafe attribute "password" of "NbaPost".
in /Library/Webserver/Documents/blend/rnba/protected/extensions/YiiMongoDbSuite/EMongoDocument.php (371)
in /Library/Webserver/Documents/blend/rnba/protected/extensions/YiiMongoDbSuite/EMongoEmbeddedDocument.php (194)
in /Library/Webserver/Documents/blend/rnba/protected/controllers/SiteController.php (52)
2014/11/08 21:51:57 [warning] [application] Failed to set unsafe attribute "password" of "NbaPost".
in /Library/Webserver/Documents/blend/rnba/protected/extensions/YiiMongoDbSuite/EMongoDocument.php (371)
in /Library/Webserver/Documents/blend/rnba/protected/controllers/SiteController.php (14)
in /Library/Webserver/Documents/blend/rnba/index.php (13)
2014/11/08 21:57:39 [error] [php] Trying to get property of non-object (/Library/Webserver/Documents/blend/rnba/protected/controllers/SiteController.php:22)
Stack trace:
#0 /Library/Webserver/Documents/blend/yii/framework/web/CController.php(286): SiteController->runAction()
#1 /Library/Webserver/Documents/blend/yii/framework/web/CController.php(265): SiteController->runActionWithFilters()
#2 /Library/Webserver/Documents/blend/yii/framework/web/CWebApplication.php(282): SiteController->run()
#3 /Library/Webserver/Documents/blend/yii/framework/web/CWebApplication.php(141): CWebApplication->runController()
#4 /Library/Webserver/Documents/blend/yii/framework/base/CApplication.php(180): CWebApplication->processRequest()
#5 /Library/Webserver/Documents/blend/rnba/index.php(13): CWebApplication->run()
REQUEST_URI=/
in /Library/Webserver/Documents/blend/rnba/protected/controllers/SiteController.php (22)
in /Library/Webserver/Documents/blend/rnba/index.php (13)
2014/11/10 18:43:26 [error] [exception.EMongoException] exception 'EMongoException' with message 'EMongoDB failed to open connection: Failed to connect to: 127.0.0.1:27017: Connection refused' in /Library/Webserver/Documents/blend/rnba/protected/extensions/YiiMongoDbSuite/EMongoDB.php:152
Stack trace:
#0 /Library/Webserver/Documents/blend/rnba/protected/extensions/YiiMongoDbSuite/EMongoDB.php(181): EMongoDB->getConnection()
#1 /Library/Webserver/Documents/blend/rnba/protected/extensions/YiiMongoDbSuite/EMongoDocument.php(166): EMongoDB->getDbInstance()
#2 /Library/Webserver/Documents/blend/rnba/protected/extensions/YiiMongoDbSuite/EMongoDocument.php(191): EMongoDocument->getDb()
#3 /Library/Webserver/Documents/blend/rnba/protected/extensions/YiiMongoDbSuite/EMongoDocument.php(957): EMongoDocument->getCollection()
#4 /Library/Webserver/Documents/blend/rnba/protected/controllers/SiteController.php(37): EMongoDocument->count()
#5 /Library/Webserver/Documents/blend/rnba/protected/controllers/SiteController.php(41): SiteController->getSize()
#6 /Library/Webserver/Documents/blend/yii/framework/web/actions/CInlineAction.php(49): SiteController->actionGetCurrent()
#7 /Library/Webserver/Documents/blend/yii/framework/web/CController.php(308): CInlineAction->runWithParams(Array)
#8 /Library/Webserver/Documents/blend/yii/framework/web/CController.php(286): CController->runAction(Object(CInlineAction))
#9 /Library/Webserver/Documents/blend/yii/framework/web/CController.php(265): CController->runActionWithFilters(Object(CInlineAction), Array)
#10 /Library/Webserver/Documents/blend/yii/framework/web/CWebApplication.php(282): CController->run('getCurrent')
#11 /Library/Webserver/Documents/blend/yii/framework/web/CWebApplication.php(141): CWebApplication->runController('site/getCurrent')
#12 /Library/Webserver/Documents/blend/yii/framework/base/CApplication.php(180): CWebApplication->processRequest()
#13 /Library/Webserver/Documents/blend/rnba/index.php(13): CApplication->run()
#14 {main}
REQUEST_URI=/index.php?r=site/getCurrent
---
2014/11/10 19:40:32 [error] [exception.EMongoException] exception 'EMongoException' with message 'EMongoDB failed to open connection: Failed to connect to: 127.0.0.1:27017: Connection refused' in /Library/Webserver/Documents/blend/rnba/protected/extensions/YiiMongoDbSuite/EMongoDB.php:152
Stack trace:
#0 /Library/Webserver/Documents/blend/rnba/protected/extensions/YiiMongoDbSuite/EMongoDB.php(181): EMongoDB->getConnection()
#1 /Library/Webserver/Documents/blend/rnba/protected/extensions/YiiMongoDbSuite/EMongoDocument.php(166): EMongoDB->getDbInstance()
#2 /Library/Webserver/Documents/blend/rnba/protected/extensions/YiiMongoDbSuite/EMongoDocument.php(191): EMongoDocument->getDb()
#3 /Library/Webserver/Documents/blend/rnba/protected/extensions/YiiMongoDbSuite/EMongoDocument.php(387): EMongoDocument->getCollection()
#4 /Library/Webserver/Documents/blend/rnba/protected/extensions/YiiMongoDbSuite/EMongoDocument.php(97): EMongoDocument->init()
#5 /Library/Webserver/Documents/blend/rnba/protected/controllers/SiteController.php(8): EMongoDocument->__construct()
#6 /Library/Webserver/Documents/blend/yii/framework/web/actions/CInlineAction.php(49): SiteController->actionIndex()
#7 /Library/Webserver/Documents/blend/yii/framework/web/CController.php(308): CInlineAction->runWithParams(Array)
#8 /Library/Webserver/Documents/blend/yii/framework/web/CController.php(286): CController->runAction(Object(CInlineAction))
#9 /Library/Webserver/Documents/blend/yii/framework/web/CController.php(265): CController->runActionWithFilters(Object(CInlineAction), Array)
#10 /Library/Webserver/Documents/blend/yii/framework/web/CWebApplication.php(282): CController->run('')
#11 /Library/Webserver/Documents/blend/yii/framework/web/CWebApplication.php(141): CWebApplication->runController('')
#12 /Library/Webserver/Documents/blend/yii/framework/base/CApplication.php(180): CWebApplication->processRequest()
#13 /Library/Webserver/Documents/blend/rnba/index.php(13): CApplication->run()
#14 {main}
REQUEST_URI=/
---
